<?xml version="1.0" encoding="UTF-8"?>
<!-- Generated by org.testng.reporters.JUnitXMLReporter -->
<testsuite ignored="0" hostname="192.168.1.16" failures="0" tests="4" name="Default test" time="46.169" errors="0" timestamp="18 Feb 2022 14:57:34 GMT">
  <testcase classname="qaautomation.tugas3.Tugas3" name="logoutTest" time="2.133"/>
  <testcase classname="qaautomation.tugas3.Tugas3" name="negativeTest" time="0.899"/>
  <testcase classname="qaautomation.tugas3.Tugas3" name="negativeTestRefactor" time="0.884"/>
  <testcase classname="qaautomation.tugas3.Tugas3" name="test" time="0.883"/>
</testsuite> <!-- Default test -->
