<?xml version="1.0" encoding="UTF-8"?>
<testng-results ignored="0" total="4" passed="4" failed="0" skipped="0">
  <reporter-output>
  </reporter-output>
  <suite started-at="2022-02-18T14:56:47Z" name="Default suite" finished-at="2022-02-18T14:57:34Z" duration-ms="46169">
    <groups>
    </groups>
    <test started-at="2022-02-18T14:56:47Z" name="Default test" finished-at="2022-02-18T14:57:34Z" duration-ms="46169">
      <class name="qaautomation.tugas3.Tugas3">
        <test-method is-config="true" signature="createChromeDriver()[pri:0, instance:qaautomation.tugas3.Tugas3@492691d7]" started-at="2022-02-18T14:56:47Z" name="createChromeDriver" finished-at="2022-02-18T14:57:00Z" duration-ms="12832" status="PASS">
          <reporter-output>
          </reporter-output>
        </test-method> <!-- createChromeDriver -->
        <test-method signature="logoutTest()[pri:0, instance:qaautomation.tugas3.Tugas3@492691d7]" started-at="2022-02-18T14:57:00Z" name="logoutTest" finished-at="2022-02-18T14:57:03Z" duration-ms="2133" status="PASS">
          <reporter-output>
          </reporter-output>
        </test-method> <!-- logoutTest -->
        <test-method is-config="true" signature="quitChromeDriver()[pri:0, instance:qaautomation.tugas3.Tugas3@492691d7]" started-at="2022-02-18T14:57:03Z" name="quitChromeDriver" finished-at="2022-02-18T14:57:03Z" duration-ms="87" status="PASS">
          <reporter-output>
          </reporter-output>
        </test-method> <!-- quitChromeDriver -->
        <test-method is-config="true" signature="createChromeDriver()[pri:0, instance:qaautomation.tugas3.Tugas3@492691d7]" started-at="2022-02-18T14:57:03Z" name="createChromeDriver" finished-at="2022-02-18T14:57:15Z" duration-ms="12532" status="PASS">
          <reporter-output>
          </reporter-output>
        </test-method> <!-- createChromeDriver -->
        <test-method signature="negativeTest()[pri:0, instance:qaautomation.tugas3.Tugas3@492691d7]" started-at="2022-02-18T14:57:15Z" name="negativeTest" finished-at="2022-02-18T14:57:16Z" duration-ms="899" status="PASS">
          <reporter-output>
          </reporter-output>
        </test-method> <!-- negativeTest -->
        <test-method is-config="true" signature="quitChromeDriver()[pri:0, instance:qaautomation.tugas3.Tugas3@492691d7]" started-at="2022-02-18T14:57:16Z" name="quitChromeDriver" finished-at="2022-02-18T14:57:16Z" duration-ms="85" status="PASS">
          <reporter-output>
          </reporter-output>
        </test-method> <!-- quitChromeDriver -->
        <test-method is-config="true" signature="createChromeDriver()[pri:0, instance:qaautomation.tugas3.Tugas3@492691d7]" started-at="2022-02-18T14:57:16Z" name="createChromeDriver" finished-at="2022-02-18T14:57:27Z" duration-ms="10952" status="PASS">
          <reporter-output>
          </reporter-output>
        </test-method> <!-- createChromeDriver -->
        <test-method signature="negativeTestRefactor()[pri:0, instance:qaautomation.tugas3.Tugas3@492691d7]" started-at="2022-02-18T14:57:27Z" name="negativeTestRefactor" finished-at="2022-02-18T14:57:28Z" duration-ms="884" status="PASS">
          <reporter-output>
          </reporter-output>
        </test-method> <!-- negativeTestRefactor -->
        <test-method is-config="true" signature="quitChromeDriver()[pri:0, instance:qaautomation.tugas3.Tugas3@492691d7]" started-at="2022-02-18T14:57:28Z" name="quitChromeDriver" finished-at="2022-02-18T14:57:28Z" duration-ms="79" status="PASS">
          <reporter-output>
          </reporter-output>
        </test-method> <!-- quitChromeDriver -->
        <test-method is-config="true" signature="createChromeDriver()[pri:0, instance:qaautomation.tugas3.Tugas3@492691d7]" started-at="2022-02-18T14:57:28Z" name="createChromeDriver" finished-at="2022-02-18T14:57:33Z" duration-ms="4516" status="PASS">
          <reporter-output>
          </reporter-output>
        </test-method> <!-- createChromeDriver -->
        <test-method signature="test()[pri:0, instance:qaautomation.tugas3.Tugas3@492691d7]" started-at="2022-02-18T14:57:33Z" name="test" finished-at="2022-02-18T14:57:34Z" duration-ms="883" status="PASS">
          <reporter-output>
          </reporter-output>
        </test-method> <!-- test -->
        <test-method is-config="true" signature="quitChromeDriver()[pri:0, instance:qaautomation.tugas3.Tugas3@492691d7]" started-at="2022-02-18T14:57:34Z" name="quitChromeDriver" finished-at="2022-02-18T14:57:34Z" duration-ms="81" status="PASS">
          <reporter-output>
          </reporter-output>
        </test-method> <!-- quitChromeDriver -->
      </class> <!-- qaautomation.tugas3.Tugas3 -->
    </test> <!-- Default test -->
  </suite> <!-- Default suite -->
</testng-results>
